[2023-06-10T08:29:43.858448+00:00] app_logs.INFO: admin@bng.com - login com sucesso [] []
[2023-06-10T08:30:55.641208+00:00] app_logs.INFO: agente1@bng.com - login com sucesso [] []
[2023-06-10T08:31:33.890601+00:00] app_logs.INFO: agente1@bng.com - login com sucesso [] []
[2023-06-10T08:31:41.415547+00:00] app_logs.INFO: agente1@bng.com- fez logout  [] []
[2023-06-10T08:32:09.272083+00:00] app_logs.INFO: admin@bng.com - login com sucesso [] []
[2023-06-10T08:32:11.466570+00:00] app_logs.INFO: admin@bng.com- fez logout  [] []
[2023-06-10T08:34:02.819442+00:00] app_logs.INFO: agente1@bng.com - login com sucesso [] []
[2023-06-10T08:36:28.046153+00:00] app_logs.INFO: agente1@bng.com- fez logout  [] []
[2023-06-10T08:36:35.319456+00:00] app_logs.INFO: agente2@bng.com - login com sucesso [] []
[2023-06-10T08:39:19.006673+00:00] app_logs.INFO: agente2@bng.com- fez logout  [] []
[2023-06-10T08:39:28.071175+00:00] app_logs.INFO: agente2@bng.com - login com sucesso [] []
[2023-06-10T08:41:08.076228+00:00] app_logs.INFO: agente2@bng.com- fez logout  [] []
[2023-06-10T08:41:20.394571+00:00] app_logs.INFO: agente2@bng.com - login com sucesso [] []
[2023-06-10T08:41:27.481281+00:00] app_logs.INFO: agente2@bng.com- fez logout  [] []
[2023-06-10T08:41:32.621189+00:00] app_logs.INFO: agente1@bng.com - login com sucesso [] []
[2023-06-10T08:41:40.843219+00:00] app_logs.INFO: agente1@bng.com- fez logout  [] []
[2023-06-10T08:41:45.485680+00:00] app_logs.INFO: admin@bng.com - login com sucesso [] []
[2023-06-10T08:41:48.403122+00:00] app_logs.INFO: admin@bng.com- fez logout  [] []
[2023-06-10T08:41:52.517760+00:00] app_logs.INFO: agente1@bng.com - login com sucesso [] []
[2023-06-10T08:44:55.221921+00:00] app_logs.INFO: agente1@bng.com- fez logout  [] []
[2023-06-10T08:45:01.655714+00:00] app_logs.INFO: agente1@bng.com - login com sucesso [] []
[2023-06-10T08:51:48.724282+00:00] app_logs.INFO: agente1@bng.com - login com sucesso [] []
[2023-06-10T08:52:02.385342+00:00] app_logs.INFO: agente1@bng.com - login com sucesso [] []
[2023-06-10T08:55:55.365647+00:00] app_logs.INFO: agente1@bng.com - login com sucesso [] []
[2023-06-10T08:56:05.034123+00:00] app_logs.INFO: agente1@bng.com - login com sucesso [] []
[2023-06-10T08:56:16.460726+00:00] app_logs.INFO: admin@bng.com - login com sucesso [] []
[2023-06-10T08:56:27.173877+00:00] app_logs.INFO: agente1@bng.com - login com sucesso [] []
[2023-06-10T09:02:40.999242+00:00] app_logs.ERROR: agente3@bng.com - login inválido [] []
[2023-06-10T09:02:48.607493+00:00] app_logs.INFO: agente2@bng.com - login com sucesso [] []
